<?xml version="1.0" encoding="UTF-8"?>
<!-- Generated by org.testng.reporters.JUnitReportReporter -->
<testsuite hostname="Aajays-MacBook-Air.local" failures="0" tests="1" name="api.qa.com.tests.get_BDD_APITestScript" time="1.778" errors="0" timestamp="2023-05-27T11:47:06 IST" skipped="0">
  <testcase classname="api.qa.com.tests.get_BDD_APITestScript" name="validateResponsebody_Multiple_QueryParametersTest" time="1.778"/>
  <system-out/>
</testsuite> <!-- api.qa.com.tests.get_BDD_APITestScript -->
