<?xml version="1.0" encoding="UTF-8"?>
<!-- Generated by org.testng.reporters.JUnitReportReporter -->
<testsuite hostname="Aajays-MacBook-Air.local" failures="0" tests="1" name="api.qa.com.tests.post_BDD_APITest" time="2.132" errors="0" timestamp="2023-05-30T09:56:52 IST" skipped="0">
  <testcase classname="api.qa.com.tests.post_BDD_APITest" name="post_POJOTest" time="2.132"/>
  <system-out/>
</testsuite> <!-- api.qa.com.tests.post_BDD_APITest -->
