<?xml version="1.0" encoding="UTF-8"?>
<!-- Generated by org.testng.reporters.JUnitReportReporter -->
<testsuite hostname="Aajays-MacBook-Air.local" failures="0" tests="1" name="api.qa.com.tests.APIAuthentications_Test" time="2.350" errors="0" timestamp="2023-05-24T15:52:47 IST" skipped="0">
  <testcase classname="api.qa.com.tests.APIAuthentications_Test" name="digest_AuthTest" time="2.350"/>
  <system-out/>
</testsuite> <!-- api.qa.com.tests.APIAuthentications_Test -->
