<?xml version="1.0" encoding="UTF-8"?>
<!-- Generated by org.testng.reporters.JUnitReportReporter -->
<testsuite hostname="Aajays-MacBook-Air.local" failures="0" tests="1" name="api.qa.com.tests.GetAPITestScript" time="1.697" errors="0" timestamp="2023-05-22T16:18:43 IST" skipped="0">
  <testcase classname="api.qa.com.tests.GetAPITestScript" name="validateResponsebody_QueryParametersTest" time="1.697"/>
  <system-out/>
</testsuite> <!-- api.qa.com.tests.GetAPITestScript -->
